# JRE version: Java(TM) SE Runtime Environment (8.0_212-b10) (build 1.8.0_212-b10)
# Java VM: Java HotSpot(TM) 64-Bit Server VM (25.212-b10 mixed mode windows-amd64 compressed oops)
Heap:
 PSYoungGen      total 185344K, used 87481K [0x00000000e0000000, 0x00000000ed100000, 0x0000000100000000)
  eden space 163328K, 53% used [0x00000000e0000000,0x00000000e556e530,0x00000000e9f80000)
  from space 22016K, 0% used [0x00000000e9f80000,0x00000000e9f80000,0x00000000eb500000)
  to   space 15360K, 0% used [0x00000000eb500000,0x00000000eb500000,0x00000000ec400000)
 ParOldGen       total 80896K, used 44520K [0x00000000a0000000, 0x00000000a4f00000, 0x00000000e0000000)
  object space 80896K, 55% used [0x00000000a0000000,0x00000000a2b7a180,0x00000000a4f00000)
 Metaspace       used 61597K, capacity 64526K, committed 64640K, reserved 1103872K
  class space    used 8542K, capacity 9344K, committed 9344K, reserved 1048576K
GC Heap History (10 events):
Event: 8.997 GC heap before
{Heap before GC invocations=12 (full 2):
 PSYoungGen      total 145920K, used 8262K [0x00000000e0000000, 0x00000000eb000000, 0x0000000100000000)
  eden space 134144K, 0% used [0x00000000e0000000,0x00000000e0000000,0x00000000e8300000)
  from space 11776K, 70% used [0x00000000e8e80000,0x00000000e9691b28,0x00000000e9a00000)
  to   space 11776K, 0% used [0x00000000e8300000,0x00000000e8300000,0x00000000e8e80000)
 ParOldGen       total 49664K, used 12030K [0x00000000a0000000, 0x00000000a3080000, 0x00000000e0000000)
  object space 49664K, 24% used [0x00000000a0000000,0x00000000a0bbfb68,0x00000000a3080000)
 Metaspace       used 34620K, capacity 35460K, committed 35496K, reserved 1079296K
  class space    used 4878K, capacity 5117K, committed 5120K, reserved 1048576K
Event: 9.093 GC heap after
Heap after GC invocations=12 (full 2):
 PSYoungGen      total 145920K, used 0K [0x00000000e0000000, 0x00000000eb000000, 0x0000000100000000)
  eden space 134144K, 0% used [0x00000000e0000000,0x00000000e0000000,0x00000000e8300000)
  from space 11776K, 0% used [0x00000000e8e80000,0x00000000e8e80000,0x00000000e9a00000)
  to   space 11776K, 0% used [0x00000000e8300000,0x00000000e8300000,0x00000000e8e80000)
 ParOldGen       total 80896K, used 18711K [0x00000000a0000000, 0x00000000a4f00000, 0x00000000e0000000)
  object space 80896K, 23% used [0x00000000a0000000,0x00000000a1245f90,0x00000000a4f00000)
 Metaspace       used 34606K, capacity 35418K, committed 35496K, reserved 1079296K
  class space    used 4874K, capacity 5110K, committed 5120K, reserved 1048576K
}
Event: 11.470 GC heap before
{Heap before GC invocations=13 (full 2):
 PSYoungGen      total 145920K, used 134144K [0x00000000e0000000, 0x00000000eb000000, 0x0000000100000000)
  eden space 134144K, 100% used [0x00000000e0000000,0x00000000e8300000,0x00000000e8300000)
  from space 11776K, 0% used [0x00000000e8e80000,0x00000000e8e80000,0x00000000e9a00000)
  to   space 11776K, 0% used [0x00000000e8300000,0x00000000e8300000,0x00000000e8e80000)
 ParOldGen       total 80896K, used 18711K [0x00000000a0000000, 0x00000000a4f00000, 0x00000000e0000000)
  object space 80896K, 23% used [0x00000000a0000000,0x00000000a1245f90,0x00000000a4f00000)
 Metaspace       used 46116K, capacity 47364K, committed 47488K, reserved 1089536K
  class space    used 6358K, capacity 6661K, committed 6784K, reserved 1048576K
Event: 11.493 GC heap after
Heap after GC invocations=13 (full 2):
 PSYoungGen      total 145920K, used 11763K [0x00000000e0000000, 0x00000000ec400000, 0x0000000100000000)
  eden space 134144K, 0% used [0x00000000e0000000,0x00000000e0000000,0x00000000e8300000)
  from space 11776K, 99% used [0x00000000e8300000,0x00000000e8e7ced0,0x00000000e8e80000)
  to   space 15360K, 0% used [0x00000000eb500000,0x00000000eb500000,0x00000000ec400000)
 ParOldGen       total 80896K, used 24223K [0x00000000a0000000, 0x00000000a4f00000, 0x00000000e0000000)
  object space 80896K, 29% used [0x00000000a0000000,0x00000000a17a7d70,0x00000000a4f00000)
 Metaspace       used 46116K, capacity 47364K, committed 47488K, reserved 1089536K
  class space    used 6358K, capacity 6661K, committed 6784K, reserved 1048576K
}
Event: 14.304 GC heap before
{Heap before GC invocations=14 (full 2):
 PSYoungGen      total 145920K, used 145907K [0x00000000e0000000, 0x00000000ec400000, 0x0000000100000000)
  eden space 134144K, 100% used [0x00000000e0000000,0x00000000e8300000,0x00000000e8300000)
  from space 11776K, 99% used [0x00000000e8300000,0x00000000e8e7ced0,0x00000000e8e80000)
  to   space 15360K, 0% used [0x00000000eb500000,0x00000000eb500000,0x00000000ec400000)
 ParOldGen       total 80896K, used 24223K [0x00000000a0000000, 0x00000000a4f00000, 0x00000000e0000000)
  object space 80896K, 29% used [0x00000000a0000000,0x00000000a17a7d70,0x00000000a4f00000)
 Metaspace       used 54806K, capacity 57146K, committed 57472K, reserved 1097728K
  class space    used 7584K, capacity 8222K, committed 8320K, reserved 1048576K
Event: 14.347 GC heap after
Heap after GC invocations=14 (full 2):
 PSYoungGen      total 178688K, used 15345K [0x00000000e0000000, 0x00000000ed100000, 0x0000000100000000)
  eden space 163328K, 0% used [0x00000000e0000000,0x00000000e0000000,0x00000000e9f80000)
  from space 15360K, 99% used [0x00000000eb500000,0x00000000ec3fc5e0,0x00000000ec400000)
  to   space 22016K, 0% used [0x00000000e9f80000,0x00000000e9f80000,0x00000000eb500000)
 ParOldGen       total 80896K, used 37584K [0x00000000a0000000, 0x00000000a4f00000, 0x00000000e0000000)
  object space 80896K, 46% used [0x00000000a0000000,0x00000000a24b4320,0x00000000a4f00000)
 Metaspace       used 54806K, capacity 57146K, committed 57472K, reserved 1097728K
  class space    used 7584K, capacity 8222K, committed 8320K, reserved 1048576K
}
Event: 14.993 GC heap before
{Heap before GC invocations=15 (full 2):
 PSYoungGen      total 178688K, used 44158K [0x00000000e0000000, 0x00000000ed100000, 0x0000000100000000)
  eden space 163328K, 17% used [0x00000000e0000000,0x00000000e1c23460,0x00000000e9f80000)
  from space 15360K, 99% used [0x00000000eb500000,0x00000000ec3fc5e0,0x00000000ec400000)
  to   space 22016K, 0% used [0x00000000e9f80000,0x00000000e9f80000,0x00000000eb500000)
 ParOldGen       total 80896K, used 37584K [0x00000000a0000000, 0x00000000a4f00000, 0x00000000e0000000)
  object space 80896K, 46% used [0x00000000a0000000,0x00000000a24b4320,0x00000000a4f00000)
 Metaspace       used 56303K, capacity 59114K, committed 59160K, reserved 1099776K
  class space    used 7763K, capacity 8568K, committed 8576K, reserved 1048576K
Event: 15.027 GC heap after
Heap after GC invocations=15 (full 2):
 PSYoungGen      total 185344K, used 5536K [0x00000000e0000000, 0x00000000ed100000, 0x0000000100000000)
  eden space 163328K, 0% used [0x00000000e0000000,0x00000000e0000000,0x00000000e9f80000)
  from space 22016K, 25% used [0x00000000e9f80000,0x00000000ea4e8010,0x00000000eb500000)
  to   space 15360K, 0% used [0x00000000eb500000,0x00000000eb500000,0x00000000ec400000)
 ParOldGen       total 80896K, used 50742K [0x00000000a0000000, 0x00000000a4f00000, 0x00000000e0000000)
  object space 80896K, 62% used [0x00000000a0000000,0x00000000a318dbf0,0x00000000a4f00000)
 Metaspace       used 56303K, capacity 59114K, committed 59160K, reserved 1099776K
  class space    used 7763K, capacity 8568K, committed 8576K, reserved 1048576K
}
Event: 15.027 GC heap before
{Heap before GC invocations=16 (full 3):
 PSYoungGen      total 185344K, used 5536K [0x00000000e0000000, 0x00000000ed100000, 0x0000000100000000)
  eden space 163328K, 0% used [0x00000000e0000000,0x00000000e0000000,0x00000000e9f80000)
  from space 22016K, 25% used [0x00000000e9f80000,0x00000000ea4e8010,0x00000000eb500000)
  to   space 15360K, 0% used [0x00000000eb500000,0x00000000eb500000,0x00000000ec400000)
 ParOldGen       total 80896K, used 50742K [0x00000000a0000000, 0x00000000a4f00000, 0x00000000e0000000)
  object space 80896K, 62% used [0x00000000a0000000,0x00000000a318dbf0,0x00000000a4f00000)
 Metaspace       used 56303K, capacity 59114K, committed 59160K, reserved 1099776K
  class space    used 7763K, capacity 8568K, committed 8576K, reserved 1048576K
Event: 15.402 GC heap after
Heap after GC invocations=16 (full 3):
 PSYoungGen      total 185344K, used 0K [0x00000000e0000000, 0x00000000ed100000, 0x0000000100000000)
  eden space 163328K, 0% used [0x00000000e0000000,0x00000000e0000000,0x00000000e9f80000)
  from space 22016K, 0% used [0x00000000e9f80000,0x00000000e9f80000,0x00000000eb500000)
  to   space 15360K, 0% used [0x00000000eb500000,0x00000000eb500000,0x00000000ec400000)
 ParOldGen       total 80896K, used 44520K [0x00000000a0000000, 0x00000000a4f00000, 0x00000000e0000000)
  object space 80896K, 55% used [0x00000000a0000000,0x00000000a2b7a180,0x00000000a4f00000)
 Metaspace       used 56303K, capacity 59114K, committed 59160K, reserved 1099776K
  class space    used 7763K, capacity 8568K, committed 8576K, reserved 1048576K
}

