# JRE version: OpenJDK Runtime Environment (8.0_202-b03) (build 1.8.0_202-release-1483-b03)
# Java VM: OpenJDK 64-Bit Server VM (25.202-b03 mixed mode windows-amd64 compressed oops)
Heap:
 PSYoungGen      total 228352K, used 9565K [0x00000000e0000000, 0x00000000f0980000, 0x0000000100000000)
  eden space 211968K, 4% used [0x00000000e0000000,0x00000000e09574a0,0x00000000ecf00000)
  from space 16384K, 0% used [0x00000000ee880000,0x00000000ee880000,0x00000000ef880000)
  to   space 26112K, 0% used [0x00000000ecf00000,0x00000000ecf00000,0x00000000ee880000)
 ParOldGen       total 67584K, used 52815K [0x00000000a0000000, 0x00000000a4200000, 0x00000000e0000000)
  object space 67584K, 78% used [0x00000000a0000000,0x00000000a3393c58,0x00000000a4200000)
 Metaspace       used 55894K, capacity 59538K, committed 59668K, reserved 1099776K
  class space    used 7554K, capacity 8482K, committed 8576K, reserved 1048576K
GC Heap History (10 events):
Event: 20.461 GC heap before
{Heap before GC invocations=11 (full 1):
 PSYoungGen      total 121344K, used 36433K [0x00000000e0000000, 0x00000000eb280000, 0x0000000100000000)
  eden space 111104K, 23% used [0x00000000e0000000,0x00000000e1999b60,0x00000000e6c80000)
  from space 10240K, 99% used [0x00000000e6c80000,0x00000000e767a978,0x00000000e7680000)
  to   space 12288K, 0% used [0x00000000ea680000,0x00000000ea680000,0x00000000eb280000)
 ParOldGen       total 45568K, used 10191K [0x00000000a0000000, 0x00000000a2c80000, 0x00000000e0000000)
  object space 45568K, 22% used [0x00000000a0000000,0x00000000a09f3c70,0x00000000a2c80000)
 Metaspace       used 34591K, capacity 35310K, committed 35416K, reserved 1079296K
  class space    used 4749K, capacity 4945K, committed 4992K, reserved 1048576K
Event: 20.475 GC heap after
Heap after GC invocations=11 (full 1):
 PSYoungGen      total 170496K, used 7489K [0x00000000e0000000, 0x00000000ebb00000, 0x0000000100000000)
  eden space 158208K, 0% used [0x00000000e0000000,0x00000000e0000000,0x00000000e9a80000)
  from space 12288K, 60% used [0x00000000ea680000,0x00000000eadd06e8,0x00000000eb280000)
  to   space 12288K, 0% used [0x00000000e9a80000,0x00000000e9a80000,0x00000000ea680000)
 ParOldGen       total 45568K, used 14051K [0x00000000a0000000, 0x00000000a2c80000, 0x00000000e0000000)
  object space 45568K, 30% used [0x00000000a0000000,0x00000000a0db8ca0,0x00000000a2c80000)
 Metaspace       used 34591K, capacity 35310K, committed 35416K, reserved 1079296K
  class space    used 4749K, capacity 4945K, committed 4992K, reserved 1048576K
}
Event: 20.475 GC heap before
{Heap before GC invocations=12 (full 2):
 PSYoungGen      total 170496K, used 7489K [0x00000000e0000000, 0x00000000ebb00000, 0x0000000100000000)
  eden space 158208K, 0% used [0x00000000e0000000,0x00000000e0000000,0x00000000e9a80000)
  from space 12288K, 60% used [0x00000000ea680000,0x00000000eadd06e8,0x00000000eb280000)
  to   space 12288K, 0% used [0x00000000e9a80000,0x00000000e9a80000,0x00000000ea680000)
 ParOldGen       total 45568K, used 14051K [0x00000000a0000000, 0x00000000a2c80000, 0x00000000e0000000)
  object space 45568K, 30% used [0x00000000a0000000,0x00000000a0db8ca0,0x00000000a2c80000)
 Metaspace       used 34591K, capacity 35310K, committed 35416K, reserved 1079296K
  class space    used 4749K, capacity 4945K, committed 4992K, reserved 1048576K
Event: 20.568 GC heap after
Heap after GC invocations=12 (full 2):
 PSYoungGen      total 170496K, used 0K [0x00000000e0000000, 0x00000000ebb00000, 0x0000000100000000)
  eden space 158208K, 0% used [0x00000000e0000000,0x00000000e0000000,0x00000000e9a80000)
  from space 12288K, 0% used [0x00000000ea680000,0x00000000ea680000,0x00000000eb280000)
  to   space 12288K, 0% used [0x00000000e9a80000,0x00000000e9a80000,0x00000000ea680000)
 ParOldGen       total 67584K, used 18084K [0x00000000a0000000, 0x00000000a4200000, 0x00000000e0000000)
  object space 67584K, 26% used [0x00000000a0000000,0x00000000a11a9258,0x00000000a4200000)
 Metaspace       used 34588K, capacity 35298K, committed 35416K, reserved 1079296K
  class space    used 4747K, capacity 4943K, committed 4992K, reserved 1048576K
}
Event: 28.271 GC heap before
{Heap before GC invocations=13 (full 2):
 PSYoungGen      total 170496K, used 158208K [0x00000000e0000000, 0x00000000ebb00000, 0x0000000100000000)
  eden space 158208K, 100% used [0x00000000e0000000,0x00000000e9a80000,0x00000000e9a80000)
  from space 12288K, 0% used [0x00000000ea680000,0x00000000ea680000,0x00000000eb280000)
  to   space 12288K, 0% used [0x00000000e9a80000,0x00000000e9a80000,0x00000000ea680000)
 ParOldGen       total 67584K, used 18084K [0x00000000a0000000, 0x00000000a4200000, 0x00000000e0000000)
  object space 67584K, 26% used [0x00000000a0000000,0x00000000a11a9258,0x00000000a4200000)
 Metaspace       used 49044K, capacity 50518K, committed 50776K, reserved 1093632K
  class space    used 6598K, capacity 6990K, committed 7040K, reserved 1048576K
Event: 28.346 GC heap after
Heap after GC invocations=13 (full 2):
 PSYoungGen      total 170496K, used 12263K [0x00000000e0000000, 0x00000000ef880000, 0x0000000100000000)
  eden space 158208K, 0% used [0x00000000e0000000,0x00000000e0000000,0x00000000e9a80000)
  from space 12288K, 99% used [0x00000000e9a80000,0x00000000ea679d38,0x00000000ea680000)
  to   space 16384K, 0% used [0x00000000ee880000,0x00000000ee880000,0x00000000ef880000)
 ParOldGen       total 67584K, used 25531K [0x00000000a0000000, 0x00000000a4200000, 0x00000000e0000000)
  object space 67584K, 37% used [0x00000000a0000000,0x00000000a18eede8,0x00000000a4200000)
 Metaspace       used 49044K, capacity 50518K, committed 50776K, reserved 1093632K
  class space    used 6598K, capacity 6990K, committed 7040K, reserved 1048576K
}
Event: 34.003 GC heap before
{Heap before GC invocations=14 (full 2):
 PSYoungGen      total 170496K, used 153024K [0x00000000e0000000, 0x00000000ef880000, 0x0000000100000000)
  eden space 158208K, 88% used [0x00000000e0000000,0x00000000e8976390,0x00000000e9a80000)
  from space 12288K, 99% used [0x00000000e9a80000,0x00000000ea679d38,0x00000000ea680000)
  to   space 16384K, 0% used [0x00000000ee880000,0x00000000ee880000,0x00000000ef880000)
 ParOldGen       total 67584K, used 25531K [0x00000000a0000000, 0x00000000a4200000, 0x00000000e0000000)
  object space 67584K, 37% used [0x00000000a0000000,0x00000000a18eede8,0x00000000a4200000)
 Metaspace       used 55558K, capacity 59010K, committed 59028K, reserved 1099776K
  class space    used 7509K, capacity 8432K, committed 8448K, reserved 1048576K
Event: 34.065 GC heap after
Heap after GC invocations=14 (full 2):
 PSYoungGen      total 228352K, used 16352K [0x00000000e0000000, 0x00000000f0980000, 0x0000000100000000)
  eden space 211968K, 0% used [0x00000000e0000000,0x00000000e0000000,0x00000000ecf00000)
  from space 16384K, 99% used [0x00000000ee880000,0x00000000ef878010,0x00000000ef880000)
  to   space 26112K, 0% used [0x00000000ecf00000,0x00000000ecf00000,0x00000000ee880000)
 ParOldGen       total 67584K, used 45348K [0x00000000a0000000, 0x00000000a4200000, 0x00000000e0000000)
  object space 67584K, 67% used [0x00000000a0000000,0x00000000a2c49038,0x00000000a4200000)
 Metaspace       used 55558K, capacity 59010K, committed 59028K, reserved 1099776K
  class space    used 7509K, capacity 8432K, committed 8448K, reserved 1048576K
}
Event: 34.065 GC heap before
{Heap before GC invocations=15 (full 3):
 PSYoungGen      total 228352K, used 16352K [0x00000000e0000000, 0x00000000f0980000, 0x0000000100000000)
  eden space 211968K, 0% used [0x00000000e0000000,0x00000000e0000000,0x00000000ecf00000)
  from space 16384K, 99% used [0x00000000ee880000,0x00000000ef878010,0x00000000ef880000)
  to   space 26112K, 0% used [0x00000000ecf00000,0x00000000ecf00000,0x00000000ee880000)
 ParOldGen       total 67584K, used 45348K [0x00000000a0000000, 0x00000000a4200000, 0x00000000e0000000)
  object space 67584K, 67% used [0x00000000a0000000,0x00000000a2c49038,0x00000000a4200000)
 Metaspace       used 55558K, capacity 59010K, committed 59028K, reserved 1099776K
  class space    used 7509K, capacity 8432K, committed 8448K, reserved 1048576K
Event: 34.575 GC heap after
Heap after GC invocations=15 (full 3):
 PSYoungGen      total 228352K, used 0K [0x00000000e0000000, 0x00000000f0980000, 0x0000000100000000)
  eden space 211968K, 0% used [0x00000000e0000000,0x00000000e0000000,0x00000000ecf00000)
  from space 16384K, 0% used [0x00000000ee880000,0x00000000ee880000,0x00000000ef880000)
  to   space 26112K, 0% used [0x00000000ecf00000,0x00000000ecf00000,0x00000000ee880000)
 ParOldGen       total 67584K, used 52815K [0x00000000a0000000, 0x00000000a4200000, 0x00000000e0000000)
  object space 67584K, 78% used [0x00000000a0000000,0x00000000a3393c58,0x00000000a4200000)
 Metaspace       used 55558K, capacity 59010K, committed 59028K, reserved 1099776K
  class space    used 7509K, capacity 8432K, committed 8448K, reserved 1048576K
}

