# JRE version: Java(TM) SE Runtime Environment (8.0_212-b10) (build 1.8.0_212-b10)
# Java VM: Java HotSpot(TM) 64-Bit Server VM (25.212-b10 mixed mode windows-amd64 compressed oops)
Heap:
 PSYoungGen      total 352768K, used 27423K [0x00000000e0000000, 0x00000000ffa80000, 0x0000000100000000)
  eden space 202752K, 7% used [0x00000000e0000000,0x00000000e0e77d50,0x00000000ec600000)
  from space 150016K, 8% used [0x00000000ec600000,0x00000000ed250210,0x00000000f5880000)
  to   space 148992K, 0% used [0x00000000f6900000,0x00000000f6900000,0x00000000ffa80000)
 ParOldGen       total 487424K, used 352418K [0x00000000a0000000, 0x00000000bdc00000, 0x00000000e0000000)
  object space 487424K, 72% used [0x00000000a0000000,0x00000000b5828898,0x00000000bdc00000)
 Metaspace       used 100774K, capacity 106439K, committed 107520K, reserved 1142784K
  class space    used 12835K, capacity 14030K, committed 14336K, reserved 1048576K
GC Heap History (10 events):
Event: 628.625 GC heap before
{Heap before GC invocations=40 (full 6):
 PSYoungGen      total 251904K, used 251713K [0x00000000e0000000, 0x00000000ff880000, 0x0000000100000000)
  eden space 175104K, 100% used [0x00000000e0000000,0x00000000eab00000,0x00000000eab00000)
  from space 76800K, 99% used [0x00000000eab00000,0x00000000ef5d0720,0x00000000ef600000)
  to   space 169984K, 0% used [0x00000000f5280000,0x00000000f5280000,0x00000000ff880000)
 ParOldGen       total 447488K, used 361982K [0x00000000a0000000, 0x00000000bb500000, 0x00000000e0000000)
  object space 447488K, 80% used [0x00000000a0000000,0x00000000b617f8b0,0x00000000bb500000)
 Metaspace       used 103547K, capacity 109279K, committed 109568K, reserved 1144832K
  class space    used 13081K, capacity 14294K, committed 14336K, reserved 1048576K
Event: 628.753 GC heap after
Heap after GC invocations=40 (full 6):
 PSYoungGen      total 356864K, used 52522K [0x00000000e0000000, 0x00000000fff80000, 0x0000000100000000)
  eden space 186880K, 0% used [0x00000000e0000000,0x00000000e0000000,0x00000000eb680000)
  from space 169984K, 30% used [0x00000000f5280000,0x00000000f85ca910,0x00000000ff880000)
  to   space 159744K, 0% used [0x00000000eb680000,0x00000000eb680000,0x00000000f5280000)
 ParOldGen       total 447488K, used 436180K [0x00000000a0000000, 0x00000000bb500000, 0x00000000e0000000)
  object space 447488K, 97% used [0x00000000a0000000,0x00000000ba9f5278,0x00000000bb500000)
 Metaspace       used 103547K, capacity 109279K, committed 109568K, reserved 1144832K
  class space    used 13081K, capacity 14294K, committed 14336K, reserved 1048576K
}
Event: 628.753 GC heap before
{Heap before GC invocations=41 (full 7):
 PSYoungGen      total 356864K, used 52522K [0x00000000e0000000, 0x00000000fff80000, 0x0000000100000000)
  eden space 186880K, 0% used [0x00000000e0000000,0x00000000e0000000,0x00000000eb680000)
  from space 169984K, 30% used [0x00000000f5280000,0x00000000f85ca910,0x00000000ff880000)
  to   space 159744K, 0% used [0x00000000eb680000,0x00000000eb680000,0x00000000f5280000)
 ParOldGen       total 447488K, used 436180K [0x00000000a0000000, 0x00000000bb500000, 0x00000000e0000000)
  object space 447488K, 97% used [0x00000000a0000000,0x00000000ba9f5278,0x00000000bb500000)
 Metaspace       used 103547K, capacity 109279K, committed 109568K, reserved 1144832K
  class space    used 13081K, capacity 14294K, committed 14336K, reserved 1048576K
Event: 629.469 GC heap after
Heap after GC invocations=41 (full 7):
 PSYoungGen      total 356864K, used 0K [0x00000000e0000000, 0x00000000fff80000, 0x0000000100000000)
  eden space 186880K, 0% used [0x00000000e0000000,0x00000000e0000000,0x00000000eb680000)
  from space 169984K, 0% used [0x00000000f5280000,0x00000000f5280000,0x00000000ff880000)
  to   space 159744K, 0% used [0x00000000eb680000,0x00000000eb680000,0x00000000f5280000)
 ParOldGen       total 487424K, used 223287K [0x00000000a0000000, 0x00000000bdc00000, 0x00000000e0000000)
  object space 487424K, 45% used [0x00000000a0000000,0x00000000ada0df08,0x00000000bdc00000)
 Metaspace       used 100664K, capacity 106375K, committed 107520K, reserved 1142784K
  class space    used 12827K, capacity 14030K, committed 14336K, reserved 1048576K
}
Event: 630.165 GC heap before
{Heap before GC invocations=42 (full 7):
 PSYoungGen      total 356864K, used 186880K [0x00000000e0000000, 0x00000000fff80000, 0x0000000100000000)
  eden space 186880K, 100% used [0x00000000e0000000,0x00000000eb680000,0x00000000eb680000)
  from space 169984K, 0% used [0x00000000f5280000,0x00000000f5280000,0x00000000ff880000)
  to   space 159744K, 0% used [0x00000000eb680000,0x00000000eb680000,0x00000000f5280000)
 ParOldGen       total 487424K, used 223287K [0x00000000a0000000, 0x00000000bdc00000, 0x00000000e0000000)
  object space 487424K, 45% used [0x00000000a0000000,0x00000000ada0df08,0x00000000bdc00000)
 Metaspace       used 100726K, capacity 106375K, committed 107520K, reserved 1142784K
  class space    used 12834K, capacity 14030K, committed 14336K, reserved 1048576K
Event: 630.261 GC heap after
Heap after GC invocations=42 (full 7):
 PSYoungGen      total 346624K, used 80338K [0x00000000e0000000, 0x00000000ff300000, 0x0000000100000000)
  eden space 186880K, 0% used [0x00000000e0000000,0x00000000e0000000,0x00000000eb680000)
  from space 159744K, 50% used [0x00000000eb680000,0x00000000f04f49f8,0x00000000f5280000)
  to   space 158208K, 0% used [0x00000000f5880000,0x00000000f5880000,0x00000000ff300000)
 ParOldGen       total 487424K, used 223295K [0x00000000a0000000, 0x00000000bdc00000, 0x00000000e0000000)
  object space 487424K, 45% used [0x00000000a0000000,0x00000000ada0ff08,0x00000000bdc00000)
 Metaspace       used 100726K, capacity 106375K, committed 107520K, reserved 1142784K
  class space    used 12834K, capacity 14030K, committed 14336K, reserved 1048576K
}
Event: 631.781 GC heap before
{Heap before GC invocations=43 (full 7):
 PSYoungGen      total 346624K, used 267218K [0x00000000e0000000, 0x00000000ff300000, 0x0000000100000000)
  eden space 186880K, 100% used [0x00000000e0000000,0x00000000eb680000,0x00000000eb680000)
  from space 159744K, 50% used [0x00000000eb680000,0x00000000f04f49f8,0x00000000f5280000)
  to   space 158208K, 0% used [0x00000000f5880000,0x00000000f5880000,0x00000000ff300000)
 ParOldGen       total 487424K, used 223295K [0x00000000a0000000, 0x00000000bdc00000, 0x00000000e0000000)
  object space 487424K, 45% used [0x00000000a0000000,0x00000000ada0ff08,0x00000000bdc00000)
 Metaspace       used 100746K, capacity 106439K, committed 107520K, reserved 1142784K
  class space    used 12834K, capacity 14030K, committed 14336K, reserved 1048576K
Event: 631.941 GC heap after
Heap after GC invocations=43 (full 7):
 PSYoungGen      total 356352K, used 49880K [0x00000000e0000000, 0x00000000fee80000, 0x0000000100000000)
  eden space 202752K, 0% used [0x00000000e0000000,0x00000000e0000000,0x00000000ec600000)
  from space 153600K, 32% used [0x00000000f5880000,0x00000000f8936170,0x00000000fee80000)
  to   space 150016K, 0% used [0x00000000ec600000,0x00000000ec600000,0x00000000f5880000)
 ParOldGen       total 487424K, used 303363K [0x00000000a0000000, 0x00000000bdc00000, 0x00000000e0000000)
  object space 487424K, 62% used [0x00000000a0000000,0x00000000b2840ce0,0x00000000bdc00000)
 Metaspace       used 100746K, capacity 106439K, committed 107520K, reserved 1142784K
  class space    used 12834K, capacity 14030K, committed 14336K, reserved 1048576K
}
Event: 634.867 GC heap before
{Heap before GC invocations=44 (full 7):
 PSYoungGen      total 356352K, used 252632K [0x00000000e0000000, 0x00000000fee80000, 0x0000000100000000)
  eden space 202752K, 100% used [0x00000000e0000000,0x00000000ec600000,0x00000000ec600000)
  from space 153600K, 32% used [0x00000000f5880000,0x00000000f8936170,0x00000000fee80000)
  to   space 150016K, 0% used [0x00000000ec600000,0x00000000ec600000,0x00000000f5880000)
 ParOldGen       total 487424K, used 303363K [0x00000000a0000000, 0x00000000bdc00000, 0x00000000e0000000)
  object space 487424K, 62% used [0x00000000a0000000,0x00000000b2840ce0,0x00000000bdc00000)
 Metaspace       used 100773K, capacity 106439K, committed 107520K, reserved 1142784K
  class space    used 12835K, capacity 14030K, committed 14336K, reserved 1048576K
Event: 634.923 GC heap after
Heap after GC invocations=44 (full 7):
 PSYoungGen      total 352768K, used 12608K [0x00000000e0000000, 0x00000000ffa80000, 0x0000000100000000)
  eden space 202752K, 0% used [0x00000000e0000000,0x00000000e0000000,0x00000000ec600000)
  from space 150016K, 8% used [0x00000000ec600000,0x00000000ed250210,0x00000000f5880000)
  to   space 148992K, 0% used [0x00000000f6900000,0x00000000f6900000,0x00000000ffa80000)
 ParOldGen       total 487424K, used 352418K [0x00000000a0000000, 0x00000000bdc00000, 0x00000000e0000000)
  object space 487424K, 72% used [0x00000000a0000000,0x00000000b5828898,0x00000000bdc00000)
 Metaspace       used 100773K, capacity 106439K, committed 107520K, reserved 1142784K
  class space    used 12835K, capacity 14030K, committed 14336K, reserved 1048576K
}

