# JRE version: Java(TM) SE Runtime Environment (8.0_212-b10) (build 1.8.0_212-b10)
# Java VM: Java HotSpot(TM) 64-Bit Server VM (25.212-b10 mixed mode windows-amd64 compressed oops)
Heap:
 PSYoungGen      total 349696K, used 104212K [0x00000000e0000000, 0x0000000100000000, 0x0000000100000000)
  eden space 175104K, 54% used [0x00000000e0000000,0x00000000e5d8e880,0x00000000eab00000)
  from space 174592K, 4% used [0x00000000f5580000,0x00000000f5db6a50,0x0000000100000000)
  to   space 174592K, 0% used [0x00000000eab00000,0x00000000eab00000,0x00000000f5580000)
 ParOldGen       total 481280K, used 276072K [0x00000000a0000000, 0x00000000bd600000, 0x00000000e0000000)
  object space 481280K, 57% used [0x00000000a0000000,0x00000000b0d9a230,0x00000000bd600000)
 Metaspace       used 82893K, capacity 87092K, committed 89728K, reserved 1126400K
  class space    used 11025K, capacity 11941K, committed 12160K, reserved 1048576K
GC Heap History (10 events):
Event: 56.107 GC heap before
{Heap before GC invocations=30 (full 5):
 PSYoungGen      total 340480K, used 340460K [0x00000000e0000000, 0x0000000100000000, 0x0000000100000000)
  eden space 210944K, 100% used [0x00000000e0000000,0x00000000ece00000,0x00000000ece00000)
  from space 129536K, 99% used [0x00000000f8180000,0x00000000ffffb2f8,0x0000000100000000)
  to   space 156672K, 0% used [0x00000000ece00000,0x00000000ece00000,0x00000000f6700000)
 ParOldGen       total 470016K, used 317252K [0x00000000a0000000, 0x00000000bcb00000, 0x00000000e0000000)
  object space 470016K, 67% used [0x00000000a0000000,0x00000000b35d1110,0x00000000bcb00000)
 Metaspace       used 83641K, capacity 87710K, committed 87936K, reserved 1126400K
  class space    used 10990K, capacity 11902K, committed 11904K, reserved 1048576K
Event: 56.270 GC heap after
Heap after GC invocations=30 (full 5):
 PSYoungGen      total 360448K, used 149056K [0x00000000e0000000, 0x0000000100000000, 0x0000000100000000)
  eden space 210944K, 0% used [0x00000000e0000000,0x00000000e0000000,0x00000000ece00000)
  from space 149504K, 99% used [0x00000000ece00000,0x00000000f5f90068,0x00000000f6000000)
  to   space 163840K, 0% used [0x00000000f6000000,0x00000000f6000000,0x0000000100000000)
 ParOldGen       total 470016K, used 344398K [0x00000000a0000000, 0x00000000bcb00000, 0x00000000e0000000)
  object space 470016K, 73% used [0x00000000a0000000,0x00000000b5053a68,0x00000000bcb00000)
 Metaspace       used 83641K, capacity 87710K, committed 87936K, reserved 1126400K
  class space    used 10990K, capacity 11902K, committed 11904K, reserved 1048576K
}
Event: 57.577 GC heap before
{Heap before GC invocations=31 (full 5):
 PSYoungGen      total 360448K, used 360000K [0x00000000e0000000, 0x0000000100000000, 0x0000000100000000)
  eden space 210944K, 100% used [0x00000000e0000000,0x00000000ece00000,0x00000000ece00000)
  from space 149504K, 99% used [0x00000000ece00000,0x00000000f5f90068,0x00000000f6000000)
  to   space 163840K, 0% used [0x00000000f6000000,0x00000000f6000000,0x0000000100000000)
 ParOldGen       total 470016K, used 344398K [0x00000000a0000000, 0x00000000bcb00000, 0x00000000e0000000)
  object space 470016K, 73% used [0x00000000a0000000,0x00000000b5053a68,0x00000000bcb00000)
 Metaspace       used 85216K, capacity 89324K, committed 89472K, reserved 1126400K
  class space    used 11211K, capacity 12119K, committed 12160K, reserved 1048576K
Event: 57.692 GC heap after
Heap after GC invocations=31 (full 5):
 PSYoungGen      total 338944K, used 124769K [0x00000000e0000000, 0x0000000100000000, 0x0000000100000000)
  eden space 175104K, 0% used [0x00000000e0000000,0x00000000e0000000,0x00000000eab00000)
  from space 163840K, 76% used [0x00000000f6000000,0x00000000fd9d8408,0x0000000100000000)
  to   space 174592K, 0% used [0x00000000eab00000,0x00000000eab00000,0x00000000f5580000)
 ParOldGen       total 470016K, used 392280K [0x00000000a0000000, 0x00000000bcb00000, 0x00000000e0000000)
  object space 470016K, 83% used [0x00000000a0000000,0x00000000b7f16268,0x00000000bcb00000)
 Metaspace       used 85216K, capacity 89324K, committed 89472K, reserved 1126400K
  class space    used 11211K, capacity 12119K, committed 12160K, reserved 1048576K
}
Event: 58.106 GC heap before
{Heap before GC invocations=32 (full 5):
 PSYoungGen      total 338944K, used 299873K [0x00000000e0000000, 0x0000000100000000, 0x0000000100000000)
  eden space 175104K, 100% used [0x00000000e0000000,0x00000000eab00000,0x00000000eab00000)
  from space 163840K, 76% used [0x00000000f6000000,0x00000000fd9d8408,0x0000000100000000)
  to   space 174592K, 0% used [0x00000000eab00000,0x00000000eab00000,0x00000000f5580000)
 ParOldGen       total 470016K, used 392280K [0x00000000a0000000, 0x00000000bcb00000, 0x00000000e0000000)
  object space 470016K, 83% used [0x00000000a0000000,0x00000000b7f16268,0x00000000bcb00000)
 Metaspace       used 85250K, capacity 89410K, committed 89472K, reserved 1126400K
  class space    used 11221K, capacity 12134K, committed 12160K, reserved 1048576K
Event: 58.215 GC heap after
Heap after GC invocations=32 (full 5):
 PSYoungGen      total 349696K, used 47720K [0x00000000e0000000, 0x0000000100000000, 0x0000000100000000)
  eden space 175104K, 0% used [0x00000000e0000000,0x00000000e0000000,0x00000000eab00000)
  from space 174592K, 27% used [0x00000000eab00000,0x00000000ed99a198,0x00000000f5580000)
  to   space 174592K, 0% used [0x00000000f5580000,0x00000000f5580000,0x0000000100000000)
 ParOldGen       total 481280K, used 481196K [0x00000000a0000000, 0x00000000bd600000, 0x00000000e0000000)
  object space 481280K, 99% used [0x00000000a0000000,0x00000000bd5eb0c8,0x00000000bd600000)
 Metaspace       used 85250K, capacity 89410K, committed 89472K, reserved 1126400K
  class space    used 11221K, capacity 12134K, committed 12160K, reserved 1048576K
}
Event: 58.215 GC heap before
{Heap before GC invocations=33 (full 6):
 PSYoungGen      total 349696K, used 47720K [0x00000000e0000000, 0x0000000100000000, 0x0000000100000000)
  eden space 175104K, 0% used [0x00000000e0000000,0x00000000e0000000,0x00000000eab00000)
  from space 174592K, 27% used [0x00000000eab00000,0x00000000ed99a198,0x00000000f5580000)
  to   space 174592K, 0% used [0x00000000f5580000,0x00000000f5580000,0x0000000100000000)
 ParOldGen       total 481280K, used 481196K [0x00000000a0000000, 0x00000000bd600000, 0x00000000e0000000)
  object space 481280K, 99% used [0x00000000a0000000,0x00000000bd5eb0c8,0x00000000bd600000)
 Metaspace       used 85250K, capacity 89410K, committed 89472K, reserved 1126400K
  class space    used 11221K, capacity 12134K, committed 12160K, reserved 1048576K
Event: 59.246 GC heap after
Heap after GC invocations=33 (full 6):
 PSYoungGen      total 349696K, used 0K [0x00000000e0000000, 0x0000000100000000, 0x0000000100000000)
  eden space 175104K, 0% used [0x00000000e0000000,0x00000000e0000000,0x00000000eab00000)
  from space 174592K, 0% used [0x00000000eab00000,0x00000000eab00000,0x00000000f5580000)
  to   space 174592K, 0% used [0x00000000f5580000,0x00000000f5580000,0x0000000100000000)
 ParOldGen       total 481280K, used 276072K [0x00000000a0000000, 0x00000000bd600000, 0x00000000e0000000)
  object space 481280K, 57% used [0x00000000a0000000,0x00000000b0d9a230,0x00000000bd600000)
 Metaspace       used 82334K, capacity 86424K, committed 89472K, reserved 1126400K
  class space    used 10955K, capacity 11849K, committed 12160K, reserved 1048576K
}
Event: 59.798 GC heap before
{Heap before GC invocations=34 (full 6):
 PSYoungGen      total 349696K, used 175104K [0x00000000e0000000, 0x0000000100000000, 0x0000000100000000)
  eden space 175104K, 100% used [0x00000000e0000000,0x00000000eab00000,0x00000000eab00000)
  from space 174592K, 0% used [0x00000000eab00000,0x00000000eab00000,0x00000000f5580000)
  to   space 174592K, 0% used [0x00000000f5580000,0x00000000f5580000,0x0000000100000000)
 ParOldGen       total 481280K, used 276072K [0x00000000a0000000, 0x00000000bd600000, 0x00000000e0000000)
  object space 481280K, 57% used [0x00000000a0000000,0x00000000b0d9a230,0x00000000bd600000)
 Metaspace       used 82518K, capacity 86702K, committed 89472K, reserved 1126400K
  class space    used 10987K, capacity 11890K, committed 12160K, reserved 1048576K
Event: 59.814 GC heap after
Heap after GC invocations=34 (full 6):
 PSYoungGen      total 349696K, used 8410K [0x00000000e0000000, 0x0000000100000000, 0x0000000100000000)
  eden space 175104K, 0% used [0x00000000e0000000,0x00000000e0000000,0x00000000eab00000)
  from space 174592K, 4% used [0x00000000f5580000,0x00000000f5db6a50,0x0000000100000000)
  to   space 174592K, 0% used [0x00000000eab00000,0x00000000eab00000,0x00000000f5580000)
 ParOldGen       total 481280K, used 276072K [0x00000000a0000000, 0x00000000bd600000, 0x00000000e0000000)
  object space 481280K, 57% used [0x00000000a0000000,0x00000000b0d9a230,0x00000000bd600000)
 Metaspace       used 82518K, capacity 86702K, committed 89472K, reserved 1126400K
  class space    used 10987K, capacity 11890K, committed 12160K, reserved 1048576K
}

