# JRE version: OpenJDK Runtime Environment (8.0_202-b03) (build 1.8.0_202-release-1483-b03)
# Java VM: OpenJDK 64-Bit Server VM (25.202-b03 mixed mode windows-amd64 compressed oops)
Heap:
 PSYoungGen      total 421376K, used 86834K [0x00000000e0000000, 0x0000000100000000, 0x0000000100000000)
  eden space 337920K, 4% used [0x00000000e0000000,0x00000000e0eb7ec8,0x00000000f4a00000)
  from space 83456K, 85% used [0x00000000fae00000,0x00000000ff4149a8,0x00000000fff80000)
  to   space 93184K, 0% used [0x00000000f4a00000,0x00000000f4a00000,0x00000000fa500000)
 ParOldGen       total 443392K, used 255326K [0x00000000a0000000, 0x00000000bb100000, 0x00000000e0000000)
  object space 443392K, 57% used [0x00000000a0000000,0x00000000af957b40,0x00000000bb100000)
 Metaspace       used 117792K, capacity 125104K, committed 125208K, reserved 1159168K
  class space    used 14585K, capacity 16113K, committed 16152K, reserved 1048576K
GC Heap History (10 events):
Event: 166.954 GC heap before
{Heap before GC invocations=70 (full 7):
 PSYoungGen      total 398848K, used 319187K [0x00000000e0000000, 0x00000000ff880000, 0x0000000100000000)
  eden space 286720K, 100% used [0x00000000e0000000,0x00000000f1800000,0x00000000f1800000)
  from space 112128K, 28% used [0x00000000f1800000,0x00000000f37b4d98,0x00000000f8580000)
  to   space 103936K, 0% used [0x00000000f9300000,0x00000000f9300000,0x00000000ff880000)
 ParOldGen       total 443392K, used 255286K [0x00000000a0000000, 0x00000000bb100000, 0x00000000e0000000)
  object space 443392K, 57% used [0x00000000a0000000,0x00000000af94db40,0x00000000bb100000)
 Metaspace       used 110288K, capacity 116962K, committed 117144K, reserved 1150976K
  class space    used 13762K, capacity 15196K, committed 15256K, reserved 1048576K
Event: 167.049 GC heap after
Heap after GC invocations=70 (full 7):
 PSYoungGen      total 399360K, used 34073K [0x00000000e0000000, 0x00000000fec00000, 0x0000000100000000)
  eden space 308224K, 0% used [0x00000000e0000000,0x00000000e0000000,0x00000000f2d00000)
  from space 91136K, 37% used [0x00000000f9300000,0x00000000fb4466c8,0x00000000fec00000)
  to   space 97792K, 0% used [0x00000000f2d00000,0x00000000f2d00000,0x00000000f8c80000)
 ParOldGen       total 443392K, used 255294K [0x00000000a0000000, 0x00000000bb100000, 0x00000000e0000000)
  object space 443392K, 57% used [0x00000000a0000000,0x00000000af94fb40,0x00000000bb100000)
 Metaspace       used 110288K, capacity 116962K, committed 117144K, reserved 1150976K
  class space    used 13762K, capacity 15196K, committed 15256K, reserved 1048576K
}
Event: 167.982 GC heap before
{Heap before GC invocations=71 (full 7):
 PSYoungGen      total 399360K, used 342176K [0x00000000e0000000, 0x00000000fec00000, 0x0000000100000000)
  eden space 308224K, 99% used [0x00000000e0000000,0x00000000f2ce1c58,0x00000000f2d00000)
  from space 91136K, 37% used [0x00000000f9300000,0x00000000fb4466c8,0x00000000fec00000)
  to   space 97792K, 0% used [0x00000000f2d00000,0x00000000f2d00000,0x00000000f8c80000)
 ParOldGen       total 443392K, used 255294K [0x00000000a0000000, 0x00000000bb100000, 0x00000000e0000000)
  object space 443392K, 57% used [0x00000000a0000000,0x00000000af94fb40,0x00000000bb100000)
 Metaspace       used 110330K, capacity 116962K, committed 117144K, reserved 1150976K
  class space    used 13762K, capacity 15196K, committed 15256K, reserved 1048576K
Event: 168.014 GC heap after
Heap after GC invocations=71 (full 7):
 PSYoungGen      total 406016K, used 23785K [0x00000000e0000000, 0x00000000ffc80000, 0x0000000100000000)
  eden space 308224K, 0% used [0x00000000e0000000,0x00000000e0000000,0x00000000f2d00000)
  from space 97792K, 24% used [0x00000000f2d00000,0x00000000f443a530,0x00000000f8c80000)
  to   space 92672K, 0% used [0x00000000fa200000,0x00000000fa200000,0x00000000ffc80000)
 ParOldGen       total 443392K, used 255302K [0x00000000a0000000, 0x00000000bb100000, 0x00000000e0000000)
  object space 443392K, 57% used [0x00000000a0000000,0x00000000af951b40,0x00000000bb100000)
 Metaspace       used 110330K, capacity 116962K, committed 117144K, reserved 1150976K
  class space    used 13762K, capacity 15196K, committed 15256K, reserved 1048576K
}
Event: 170.785 GC heap before
{Heap before GC invocations=72 (full 7):
 PSYoungGen      total 406016K, used 331884K [0x00000000e0000000, 0x00000000ffc80000, 0x0000000100000000)
  eden space 308224K, 99% used [0x00000000e0000000,0x00000000f2ce0c90,0x00000000f2d00000)
  from space 97792K, 24% used [0x00000000f2d00000,0x00000000f443a530,0x00000000f8c80000)
  to   space 92672K, 0% used [0x00000000fa200000,0x00000000fa200000,0x00000000ffc80000)
 ParOldGen       total 443392K, used 255302K [0x00000000a0000000, 0x00000000bb100000, 0x00000000e0000000)
  object space 443392K, 57% used [0x00000000a0000000,0x00000000af951b40,0x00000000bb100000)
 Metaspace       used 110796K, capacity 117558K, committed 117784K, reserved 1150976K
  class space    used 13827K, capacity 15290K, committed 15384K, reserved 1048576K
Event: 170.841 GC heap after
Heap after GC invocations=72 (full 7):
 PSYoungGen      total 413696K, used 27545K [0x00000000e0000000, 0x00000000ff000000, 0x0000000100000000)
  eden space 333824K, 0% used [0x00000000e0000000,0x00000000e0000000,0x00000000f4600000)
  from space 79872K, 34% used [0x00000000fa200000,0x00000000fbce67a8,0x00000000ff000000)
  to   space 87040K, 0% used [0x00000000f4600000,0x00000000f4600000,0x00000000f9b00000)
 ParOldGen       total 443392K, used 255310K [0x00000000a0000000, 0x00000000bb100000, 0x00000000e0000000)
  object space 443392K, 57% used [0x00000000a0000000,0x00000000af953b40,0x00000000bb100000)
 Metaspace       used 110796K, capacity 117558K, committed 117784K, reserved 1150976K
  class space    used 13827K, capacity 15290K, committed 15384K, reserved 1048576K
}
Event: 1603.990 GC heap before
{Heap before GC invocations=73 (full 7):
 PSYoungGen      total 413696K, used 361369K [0x00000000e0000000, 0x00000000ff000000, 0x0000000100000000)
  eden space 333824K, 100% used [0x00000000e0000000,0x00000000f4600000,0x00000000f4600000)
  from space 79872K, 34% used [0x00000000fa200000,0x00000000fbce67a8,0x00000000ff000000)
  to   space 87040K, 0% used [0x00000000f4600000,0x00000000f4600000,0x00000000f9b00000)
 ParOldGen       total 443392K, used 255310K [0x00000000a0000000, 0x00000000bb100000, 0x00000000e0000000)
  object space 443392K, 57% used [0x00000000a0000000,0x00000000af953b40,0x00000000bb100000)
 Metaspace       used 117138K, capacity 124446K, committed 124696K, reserved 1157120K
  class space    used 14550K, capacity 16064K, committed 16152K, reserved 1048576K
Event: 1605.189 GC heap after
Heap after GC invocations=73 (full 7):
 PSYoungGen      total 420864K, used 22478K [0x00000000e0000000, 0x00000000fff80000, 0x0000000100000000)
  eden space 333824K, 0% used [0x00000000e0000000,0x00000000e0000000,0x00000000f4600000)
  from space 87040K, 25% used [0x00000000f4600000,0x00000000f5bf3b30,0x00000000f9b00000)
  to   space 83456K, 0% used [0x00000000fae00000,0x00000000fae00000,0x00000000fff80000)
 ParOldGen       total 443392K, used 255318K [0x00000000a0000000, 0x00000000bb100000, 0x00000000e0000000)
  object space 443392K, 57% used [0x00000000a0000000,0x00000000af955b40,0x00000000bb100000)
 Metaspace       used 117138K, capacity 124446K, committed 124696K, reserved 1157120K
  class space    used 14550K, capacity 16064K, committed 16152K, reserved 1048576K
}
Event: 2121.102 GC heap before
{Heap before GC invocations=74 (full 7):
 PSYoungGen      total 420864K, used 355922K [0x00000000e0000000, 0x00000000fff80000, 0x0000000100000000)
  eden space 333824K, 99% used [0x00000000e0000000,0x00000000f45a0ff8,0x00000000f4600000)
  from space 87040K, 25% used [0x00000000f4600000,0x00000000f5bf3b30,0x00000000f9b00000)
  to   space 83456K, 0% used [0x00000000fae00000,0x00000000fae00000,0x00000000fff80000)
 ParOldGen       total 443392K, used 255318K [0x00000000a0000000, 0x00000000bb100000, 0x00000000e0000000)
  object space 443392K, 57% used [0x00000000a0000000,0x00000000af955b40,0x00000000bb100000)
 Metaspace       used 117789K, capacity 125104K, committed 125208K, reserved 1159168K
  class space    used 14585K, capacity 16113K, committed 16152K, reserved 1048576K
Event: 2121.832 GC heap after
Heap after GC invocations=74 (full 7):
 PSYoungGen      total 421376K, used 71762K [0x00000000e0000000, 0x0000000100000000, 0x0000000100000000)
  eden space 337920K, 0% used [0x00000000e0000000,0x00000000e0000000,0x00000000f4a00000)
  from space 83456K, 85% used [0x00000000fae00000,0x00000000ff4149a8,0x00000000fff80000)
  to   space 93184K, 0% used [0x00000000f4a00000,0x00000000f4a00000,0x00000000fa500000)
 ParOldGen       total 443392K, used 255326K [0x00000000a0000000, 0x00000000bb100000, 0x00000000e0000000)
  object space 443392K, 57% used [0x00000000a0000000,0x00000000af957b40,0x00000000bb100000)
 Metaspace       used 117789K, capacity 125104K, committed 125208K, reserved 1159168K
  class space    used 14585K, capacity 16113K, committed 16152K, reserved 1048576K
}

