# JRE version: Java(TM) SE Runtime Environment (8.0_212-b10) (build 1.8.0_212-b10)
# Java VM: Java HotSpot(TM) 64-Bit Server VM (25.212-b10 mixed mode windows-amd64 compressed oops)
Heap:
 PSYoungGen      total 445440K, used 346528K [0x00000000e0000000, 0x0000000100000000, 0x0000000100000000)
  eden space 400384K, 75% used [0x00000000e0000000,0x00000000f26ab900,0x00000000f8700000)
  from space 45056K, 99% used [0x00000000f8700000,0x00000000fb2bc878,0x00000000fb300000)
  to   space 68608K, 0% used [0x00000000fbd00000,0x00000000fbd00000,0x0000000100000000)
 ParOldGen       total 1048576K, used 943726K [0x00000000a0000000, 0x00000000e0000000, 0x00000000e0000000)
  object space 1048576K, 90% used [0x00000000a0000000,0x00000000d999ba50,0x00000000e0000000)
 Metaspace       used 129674K, capacity 140008K, committed 140160K, reserved 1171456K
  class space    used 16071K, capacity 17966K, committed 18048K, reserved 1048576K
GC Heap History (10 events):
Event: 11979.785 GC heap before
{Heap before GC invocations=741 (full 28):
 PSYoungGen      total 461824K, used 412928K [0x00000000e0000000, 0x00000000ff580000, 0x0000000100000000)
  eden space 410112K, 100% used [0x00000000e0000000,0x00000000f9080000,0x00000000f9080000)
  from space 51712K, 5% used [0x00000000fc300000,0x00000000fc5c0000,0x00000000ff580000)
  to   space 51712K, 0% used [0x00000000f9080000,0x00000000f9080000,0x00000000fc300000)
 ParOldGen       total 1048576K, used 864310K [0x00000000a0000000, 0x00000000e0000000, 0x00000000e0000000)
  object space 1048576K, 82% used [0x00000000a0000000,0x00000000d4c0db40,0x00000000e0000000)
 Metaspace       used 126134K, capacity 135620K, committed 138752K, reserved 1169408K
  class space    used 15590K, capacity 17240K, committed 17920K, reserved 1048576K
Event: 11979.803 GC heap after
Heap after GC invocations=741 (full 28):
 PSYoungGen      total 461824K, used 5760K [0x00000000e0000000, 0x00000000ff800000, 0x0000000100000000)
  eden space 410112K, 0% used [0x00000000e0000000,0x00000000e0000000,0x00000000f9080000)
  from space 51712K, 11% used [0x00000000f9080000,0x00000000f9620000,0x00000000fc300000)
  to   space 47616K, 0% used [0x00000000fc980000,0x00000000fc980000,0x00000000ff800000)
 ParOldGen       total 1048576K, used 866798K [0x00000000a0000000, 0x00000000e0000000, 0x00000000e0000000)
  object space 1048576K, 82% used [0x00000000a0000000,0x00000000d4e7bb40,0x00000000e0000000)
 Metaspace       used 126134K, capacity 135620K, committed 138752K, reserved 1169408K
  class space    used 15590K, capacity 17240K, committed 17920K, reserved 1048576K
}
Event: 11983.005 GC heap before
{Heap before GC invocations=742 (full 28):
 PSYoungGen      total 461824K, used 415872K [0x00000000e0000000, 0x00000000ff800000, 0x0000000100000000)
  eden space 410112K, 100% used [0x00000000e0000000,0x00000000f9080000,0x00000000f9080000)
  from space 51712K, 11% used [0x00000000f9080000,0x00000000f9620000,0x00000000fc300000)
  to   space 47616K, 0% used [0x00000000fc980000,0x00000000fc980000,0x00000000ff800000)
 ParOldGen       total 1048576K, used 866798K [0x00000000a0000000, 0x00000000e0000000, 0x00000000e0000000)
  object space 1048576K, 82% used [0x00000000a0000000,0x00000000d4e7bb40,0x00000000e0000000)
 Metaspace       used 126134K, capacity 135620K, committed 138752K, reserved 1169408K
  class space    used 15590K, capacity 17240K, committed 17920K, reserved 1048576K
Event: 11983.042 GC heap after
Heap after GC invocations=742 (full 28):
 PSYoungGen      total 467456K, used 21609K [0x00000000e0000000, 0x00000000ffe00000, 0x0000000100000000)
  eden space 419840K, 0% used [0x00000000e0000000,0x00000000e0000000,0x00000000f9a00000)
  from space 47616K, 45% used [0x00000000fc980000,0x00000000fde9a420,0x00000000ff800000)
  to   space 48640K, 0% used [0x00000000f9a00000,0x00000000f9a00000,0x00000000fc980000)
 ParOldGen       total 1048576K, used 869614K [0x00000000a0000000, 0x00000000e0000000, 0x00000000e0000000)
  object space 1048576K, 82% used [0x00000000a0000000,0x00000000d513bb40,0x00000000e0000000)
 Metaspace       used 126134K, capacity 135620K, committed 138752K, reserved 1169408K
  class space    used 15590K, capacity 17240K, committed 17920K, reserved 1048576K
}
Event: 11986.775 GC heap before
{Heap before GC invocations=743 (full 28):
 PSYoungGen      total 467456K, used 441449K [0x00000000e0000000, 0x00000000ffe00000, 0x0000000100000000)
  eden space 419840K, 100% used [0x00000000e0000000,0x00000000f9a00000,0x00000000f9a00000)
  from space 47616K, 45% used [0x00000000fc980000,0x00000000fde9a420,0x00000000ff800000)
  to   space 48640K, 0% used [0x00000000f9a00000,0x00000000f9a00000,0x00000000fc980000)
 ParOldGen       total 1048576K, used 869614K [0x00000000a0000000, 0x00000000e0000000, 0x00000000e0000000)
  object space 1048576K, 82% used [0x00000000a0000000,0x00000000d513bb40,0x00000000e0000000)
 Metaspace       used 126134K, capacity 135620K, committed 138752K, reserved 1169408K
  class space    used 15591K, capacity 17240K, committed 17920K, reserved 1048576K
Event: 11986.856 GC heap after
Heap after GC invocations=743 (full 28):
 PSYoungGen      total 468480K, used 48630K [0x00000000e0000000, 0x0000000100000000, 0x0000000100000000)
  eden space 419840K, 0% used [0x00000000e0000000,0x00000000e0000000,0x00000000f9a00000)
  from space 48640K, 99% used [0x00000000f9a00000,0x00000000fc97dbb8,0x00000000fc980000)
  to   space 55808K, 0% used [0x00000000fc980000,0x00000000fc980000,0x0000000100000000)
 ParOldGen       total 1048576K, used 890818K [0x00000000a0000000, 0x00000000e0000000, 0x00000000e0000000)
  object space 1048576K, 84% used [0x00000000a0000000,0x00000000d65f0b60,0x00000000e0000000)
 Metaspace       used 126134K, capacity 135620K, committed 138752K, reserved 1169408K
  class space    used 15591K, capacity 17240K, committed 17920K, reserved 1048576K
}
Event: 12173.414 GC heap before
{Heap before GC invocations=744 (full 28):
 PSYoungGen      total 468480K, used 468470K [0x00000000e0000000, 0x0000000100000000, 0x0000000100000000)
  eden space 419840K, 100% used [0x00000000e0000000,0x00000000f9a00000,0x00000000f9a00000)
  from space 48640K, 99% used [0x00000000f9a00000,0x00000000fc97dbb8,0x00000000fc980000)
  to   space 55808K, 0% used [0x00000000fc980000,0x00000000fc980000,0x0000000100000000)
 ParOldGen       total 1048576K, used 890818K [0x00000000a0000000, 0x00000000e0000000, 0x00000000e0000000)
  object space 1048576K, 84% used [0x00000000a0000000,0x00000000d65f0b60,0x00000000e0000000)
 Metaspace       used 126879K, capacity 136570K, committed 138752K, reserved 1169408K
  class space    used 15688K, capacity 17375K, committed 17920K, reserved 1048576K
Event: 12173.777 GC heap after
Heap after GC invocations=744 (full 28):
 PSYoungGen      total 456192K, used 14598K [0x00000000e0000000, 0x0000000100000000, 0x0000000100000000)
  eden space 400384K, 0% used [0x00000000e0000000,0x00000000e0000000,0x00000000f8700000)
  from space 55808K, 26% used [0x00000000fc980000,0x00000000fd7c1978,0x0000000100000000)
  to   space 61952K, 0% used [0x00000000f8700000,0x00000000f8700000,0x00000000fc380000)
 ParOldGen       total 1048576K, used 930423K [0x00000000a0000000, 0x00000000e0000000, 0x00000000e0000000)
  object space 1048576K, 88% used [0x00000000a0000000,0x00000000d8c9df88,0x00000000e0000000)
 Metaspace       used 126879K, capacity 136570K, committed 138752K, reserved 1169408K
  class space    used 15688K, capacity 17375K, committed 17920K, reserved 1048576K
}
Event: 12219.977 GC heap before
{Heap before GC invocations=745 (full 28):
 PSYoungGen      total 456192K, used 414501K [0x00000000e0000000, 0x0000000100000000, 0x0000000100000000)
  eden space 400384K, 99% used [0x00000000e0000000,0x00000000f8687b10,0x00000000f8700000)
  from space 55808K, 26% used [0x00000000fc980000,0x00000000fd7c1978,0x0000000100000000)
  to   space 61952K, 0% used [0x00000000f8700000,0x00000000f8700000,0x00000000fc380000)
 ParOldGen       total 1048576K, used 930423K [0x00000000a0000000, 0x00000000e0000000, 0x00000000e0000000)
  object space 1048576K, 88% used [0x00000000a0000000,0x00000000d8c9df88,0x00000000e0000000)
 Metaspace       used 129036K, capacity 139132K, committed 139520K, reserved 1171456K
  class space    used 15984K, capacity 17806K, committed 17920K, reserved 1048576K
Event: 12220.050 GC heap after
Heap after GC invocations=745 (full 28):
 PSYoungGen      total 445440K, used 44786K [0x00000000e0000000, 0x0000000100000000, 0x0000000100000000)
  eden space 400384K, 0% used [0x00000000e0000000,0x00000000e0000000,0x00000000f8700000)
  from space 45056K, 99% used [0x00000000f8700000,0x00000000fb2bc878,0x00000000fb300000)
  to   space 68608K, 0% used [0x00000000fbd00000,0x00000000fbd00000,0x0000000100000000)
 ParOldGen       total 1048576K, used 943726K [0x00000000a0000000, 0x00000000e0000000, 0x00000000e0000000)
  object space 1048576K, 90% used [0x00000000a0000000,0x00000000d999ba50,0x00000000e0000000)
 Metaspace       used 129036K, capacity 139132K, committed 139520K, reserved 1171456K
  class space    used 15984K, capacity 17806K, committed 17920K, reserved 1048576K
}

